{"/Users/warryy/code/github/jerry-base/src/utils/intensity-segments.ts": {"path":"/Users/warryy/code/github/jerry-base/src/utils/intensity-segments.ts","statementMap":{"0":{"start":{"line":7,"column":4},"end":{"line":7,"column":46}},"1":{"start":{"line":18,"column":4},"end":{"line":18,"column":38}},"2":{"start":{"line":20,"column":4},"end":{"line":20,"column":37}},"3":{"start":{"line":32,"column":4},"end":{"line":36,"column":5}},"4":{"start":{"line":33,"column":6},"end":{"line":35,"column":7}},"5":{"start":{"line":34,"column":8},"end":{"line":34,"column":34}},"6":{"start":{"line":38,"column":4},"end":{"line":38,"column":38}},"7":{"start":{"line":40,"column":4},"end":{"line":40,"column":31}},"8":{"start":{"line":49,"column":23},"end":{"line":49,"column":77}},"9":{"start":{"line":49,"column":71},"end":{"line":49,"column":76}},"10":{"start":{"line":50,"column":39},"end":{"line":50,"column":41}},"11":{"start":{"line":51,"column":27},"end":{"line":51,"column":28}},"12":{"start":{"line":54,"column":4},"end":{"line":64,"column":5}},"13":{"start":{"line":56,"column":6},"end":{"line":56,"column":54}},"14":{"start":{"line":58,"column":6},"end":{"line":63,"column":7}},"15":{"start":{"line":62,"column":8},"end":{"line":62,"column":45}},"16":{"start":{"line":67,"column":45},"end":{"line":67,"column":47}},"17":{"start":{"line":68,"column":4},"end":{"line":75,"column":5}},"18":{"start":{"line":68,"column":17},"end":{"line":68,"column":18}},"19":{"start":{"line":69,"column":6},"end":{"line":74,"column":7}},"20":{"start":{"line":73,"column":8},"end":{"line":73,"column":37}},"21":{"start":{"line":77,"column":4},"end":{"line":77,"column":40}},"22":{"start":{"line":88,"column":4},"end":{"line":101,"column":5}},"23":{"start":{"line":90,"column":24},"end":{"line":90,"column":64}},"24":{"start":{"line":92,"column":6},"end":{"line":97,"column":7}},"25":{"start":{"line":93,"column":8},"end":{"line":93,"column":36}},"26":{"start":{"line":96,"column":8},"end":{"line":96,"column":44}},"27":{"start":{"line":100,"column":6},"end":{"line":100,"column":39}},"28":{"start":{"line":108,"column":4},"end":{"line":108,"column":26}},"29":{"start":{"line":1,"column":0},"end":{"line":1,"column":13}}},"fnMap":{"0":{"name":"(anonymous_0)","decl":{"start":{"line":5,"column":2},"end":{"line":5,"column":null}},"loc":{"start":{"line":5,"column":2},"end":{"line":8,"column":3}}},"1":{"name":"(anonymous_1)","decl":{"start":{"line":16,"column":2},"end":{"line":16,"column":5}},"loc":{"start":{"line":16,"column":46},"end":{"line":21,"column":3}}},"2":{"name":"(anonymous_2)","decl":{"start":{"line":30,"column":2},"end":{"line":30,"column":5}},"loc":{"start":{"line":30,"column":46},"end":{"line":41,"column":3}}},"3":{"name":"(anonymous_3)","decl":{"start":{"line":47,"column":2},"end":{"line":47,"column":10}},"loc":{"start":{"line":47,"column":10},"end":{"line":78,"column":3}}},"4":{"name":"(anonymous_4)","decl":{"start":{"line":49,"column":61},"end":{"line":49,"column":62}},"loc":{"start":{"line":49,"column":71},"end":{"line":49,"column":76}}},"5":{"name":"(anonymous_5)","decl":{"start":{"line":87,"column":10},"end":{"line":87,"column":24}},"loc":{"start":{"line":87,"column":54},"end":{"line":102,"column":3}}},"6":{"name":"(anonymous_6)","decl":{"start":{"line":107,"column":2},"end":{"line":107,"column":7}},"loc":{"start":{"line":107,"column":7},"end":{"line":109,"column":3}}}},"branchMap":{"0":{"loc":{"start":{"line":33,"column":6},"end":{"line":35,"column":7}},"type":"if","locations":[{"start":{"line":33,"column":6},"end":{"line":35,"column":7}}]},"1":{"loc":{"start":{"line":33,"column":10},"end":{"line":33,"column":33}},"type":"binary-expr","locations":[{"start":{"line":33,"column":10},"end":{"line":33,"column":21}},{"start":{"line":33,"column":25},"end":{"line":33,"column":33}}]},"2":{"loc":{"start":{"line":56,"column":26},"end":{"line":56,"column":53}},"type":"binary-expr","locations":[{"start":{"line":56,"column":26},"end":{"line":56,"column":48}},{"start":{"line":56,"column":52},"end":{"line":56,"column":53}}]},"3":{"loc":{"start":{"line":58,"column":6},"end":{"line":63,"column":7}},"type":"if","locations":[{"start":{"line":58,"column":6},"end":{"line":63,"column":7}}]},"4":{"loc":{"start":{"line":59,"column":8},"end":{"line":60,"column":57}},"type":"binary-expr","locations":[{"start":{"line":59,"column":8},"end":{"line":59,"column":27}},{"start":{"line":60,"column":8},"end":{"line":60,"column":57}}]},"5":{"loc":{"start":{"line":69,"column":6},"end":{"line":74,"column":7}},"type":"if","locations":[{"start":{"line":69,"column":6},"end":{"line":74,"column":7}}]},"6":{"loc":{"start":{"line":70,"column":8},"end":{"line":71,"column":65}},"type":"binary-expr","locations":[{"start":{"line":70,"column":8},"end":{"line":70,"column":33}},{"start":{"line":71,"column":8},"end":{"line":71,"column":65}}]},"7":{"loc":{"start":{"line":88,"column":4},"end":{"line":101,"column":5}},"type":"if","locations":[{"start":{"line":88,"column":4},"end":{"line":101,"column":5}},{"start":{"line":98,"column":11},"end":{"line":101,"column":5}}]},"8":{"loc":{"start":{"line":90,"column":25},"end":{"line":90,"column":54}},"type":"binary-expr","locations":[{"start":{"line":90,"column":25},"end":{"line":90,"column":49}},{"start":{"line":90,"column":53},"end":{"line":90,"column":54}}]},"9":{"loc":{"start":{"line":92,"column":6},"end":{"line":97,"column":7}},"type":"if","locations":[{"start":{"line":92,"column":6},"end":{"line":97,"column":7}},{"start":{"line":94,"column":13},"end":{"line":97,"column":7}}]}},"s":{"0":1,"1":7,"2":7,"3":0,"4":0,"5":0,"6":0,"7":0,"8":8,"9":26,"10":8,"11":8,"12":8,"13":22,"14":22,"15":22,"16":8,"17":8,"18":8,"19":22,"20":22,"21":8,"22":14,"23":4,"24":4,"25":2,"26":2,"27":10,"28":2,"29":1},"f":{"0":1,"1":7,"2":0,"3":8,"4":26,"5":14,"6":2},"b":{"0":[0],"1":[0,0],"2":[22,0],"3":[22],"4":[22,15],"5":[22],"6":[22,15],"7":[4,10],"8":[4,0],"9":[2,2]}}
}
