TN:
SF:src/utils/intensity-segments.ts
FN:5,(anonymous_0)
FN:16,(anonymous_1)
FN:30,(anonymous_2)
FN:47,(anonymous_3)
FN:49,(anonymous_4)
FN:87,(anonymous_5)
FN:107,(anonymous_6)
FNF:7
FNH:6
FNDA:1,(anonymous_0)
FNDA:7,(anonymous_1)
FNDA:0,(anonymous_2)
FNDA:8,(anonymous_3)
FNDA:26,(anonymous_4)
FNDA:14,(anonymous_5)
FNDA:2,(anonymous_6)
DA:1,1
DA:7,1
DA:18,7
DA:20,7
DA:32,0
DA:33,0
DA:34,0
DA:38,0
DA:40,0
DA:49,26
DA:50,8
DA:51,8
DA:54,8
DA:56,22
DA:58,22
DA:62,22
DA:67,8
DA:68,8
DA:69,22
DA:73,22
DA:77,8
DA:88,14
DA:90,4
DA:92,4
DA:93,2
DA:96,2
DA:100,10
DA:108,2
LF:28
LH:23
BRDA:33,0,0,0
BRDA:33,1,0,0
BRDA:33,1,1,0
BRDA:56,2,0,22
BRDA:56,2,1,0
BRDA:58,3,0,22
BRDA:59,4,0,22
BRDA:59,4,1,15
BRDA:69,5,0,22
BRDA:70,6,0,22
BRDA:70,6,1,15
BRDA:88,7,0,4
BRDA:88,7,1,10
BRDA:90,8,0,4
BRDA:90,8,1,0
BRDA:92,9,0,2
BRDA:92,9,1,2
BRF:17
BRH:12
end_of_record
